Using pre-set license
Built from '2021.3/staging' branch; Version is '2021.3.25f1 (68ef2c4f8861) revision 6876972'; Using compiler version '192829333'; Build Type 'Release'
OS: 'Windows 10  (10.0.19045) 64bit Professional' Language: 'en' Physical Memory: 7785 MB
BatchMode: 1, IsHumanControllingUs: 0, StartBugReporterOnCrash: 0, Is64bit: 1, IsPro: 1

COMMAND LINE ARGUMENTS:
C:\Program Files\Unity\Hub\Editor\2021.3.25f1\Editor\Unity.exe
-adb2
-batchMode
-noUpm
-name
AssetImportWorker19
-projectPath
C:/Users/Daniel Marto/Documents/Unity Projects/SMAUG/U.LumberJock
-logFile
Logs/AssetImportWorker19.log
-srvPort
64175
Successfully changed project path to: C:/Users/Daniel Marto/Documents/Unity Projects/SMAUG/U.LumberJock
C:/Users/Daniel Marto/Documents/Unity Projects/SMAUG/U.LumberJock
[UnityMemory] Configuration Parameters - Can be set up in boot.config
    "memorysetup-bucket-allocator-granularity=16"
    "memorysetup-bucket-allocator-bucket-count=8"
    "memorysetup-bucket-allocator-block-size=33554432"
    "memorysetup-bucket-allocator-block-count=8"
    "memorysetup-main-allocator-block-size=16777216"
    "memorysetup-thread-allocator-block-size=16777216"
    "memorysetup-gfx-main-allocator-block-size=16777216"
    "memorysetup-gfx-thread-allocator-block-size=16777216"
    "memorysetup-cache-allocator-block-size=4194304"
    "memorysetup-typetree-allocator-block-size=2097152"
    "memorysetup-profiler-bucket-allocator-granularity=16"
    "memorysetup-profiler-bucket-allocator-bucket-count=8"
    "memorysetup-profiler-bucket-allocator-block-size=33554432"
    "memorysetup-profiler-bucket-allocator-block-count=8"
    "memorysetup-profiler-allocator-block-size=16777216"
    "memorysetup-profiler-editor-allocator-block-size=1048576"
    "memorysetup-temp-allocator-size-main=16777216"
    "memorysetup-job-temp-allocator-block-size=2097152"
    "memorysetup-job-temp-allocator-block-size-background=1048576"
    "memorysetup-job-temp-allocator-reduction-small-platforms=262144"
    "memorysetup-temp-allocator-size-background-worker=32768"
    "memorysetup-temp-allocator-size-job-worker=262144"
    "memorysetup-temp-allocator-size-preload-manager=33554432"
    "memorysetup-temp-allocator-size-nav-mesh-worker=65536"
    "memorysetup-temp-allocator-size-audio-worker=65536"
    "memorysetup-temp-allocator-size-cloud-worker=32768"
    "memorysetup-temp-allocator-size-gi-baking-worker=262144"
    "memorysetup-temp-allocator-size-gfx=262144"
Player connection [32140] Host "[IP] 192.168.1.2 [Port] 0 [Flags] 2 [Guid] 1606487473 [EditorId] 1606487473 [Version] 1048832 [Id] WindowsEditor(7,OXYGENE-430) [Debug] 1 [PackageName] WindowsEditor [ProjectName] Editor" joined multi-casting on [225.0.0.222:54997]...

Player connection [32140] Host "[IP] 192.168.1.2 [Port] 0 [Flags] 2 [Guid] 1606487473 [EditorId] 1606487473 [Version] 1048832 [Id] WindowsEditor(7,OXYGENE-430) [Debug] 1 [PackageName] WindowsEditor [ProjectName] Editor" joined alternative multi-casting on [225.0.0.222:34997]...

Refreshing native plugins compatible for Editor in 586.61 ms, found 5 plugins.
Preloading 0 native plugins for Editor in 0.00 ms.
Initialize engine version: 2021.3.25f1 (68ef2c4f8861)
[Subsystems] Discovering subsystems at path C:/Program Files/Unity/Hub/Editor/2021.3.25f1/Editor/Data/Resources/UnitySubsystems
[Subsystems] Discovering subsystems at path C:/Users/Daniel Marto/Documents/Unity Projects/SMAUG/U.LumberJock/Assets
GfxDevice: creating device client; threaded=0; jobified=0
Direct3D:
    Version:  Direct3D 11.0 [level 11.0]
    Renderer: Intel(R) HD Graphics 4000 (ID=0x166)
    Vendor:   Intel
    VRAM:     128 MB
    Driver:   10.18.10.5161
Initialize mono
Mono path[0] = 'C:/Program Files/Unity/Hub/Editor/2021.3.25f1/Editor/Data/Managed'
Mono path[1] = 'C:/Program Files/Unity/Hub/Editor/2021.3.25f1/Editor/Data/MonoBleedingEdge/lib/mono/unityjit-win32'
Mono config path = 'C:/Program Files/Unity/Hub/Editor/2021.3.25f1/Editor/Data/MonoBleedingEdge/etc'
Using monoOptions --debugger-agent=transport=dt_socket,embedding=1,server=y,suspend=n,address=127.0.0.1:56272
Begin MonoManager ReloadAssembly
Registering precompiled unity dll's ...
Register platform support module: C:/Program Files/Unity/Hub/Editor/2021.3.25f1/Editor/Data/PlaybackEngines/WebGLSupport/UnityEditor.WebGL.Extensions.dll
Register platform support module: C:/Program Files/Unity/Hub/Editor/2021.3.25f1/Editor/Data/PlaybackEngines/AndroidPlayer/UnityEditor.Android.Extensions.dll
Register platform support module: C:/Program Files/Unity/Hub/Editor/2021.3.25f1/Editor/Data/PlaybackEngines/WindowsStandaloneSupport/UnityEditor.WindowsStandalone.Extensions.dll
Registered in 0.028598 seconds.
Native extension for WindowsStandalone target not found
Native extension for Android target not found
Android Extension - Scanning For ADB Devices 1410 ms
Native extension for WebGL target not found
Refreshing native plugins compatible for Editor in 340.12 ms, found 5 plugins.
Preloading 0 native plugins for Editor in 0.00 ms.
Mono: successfully reloaded assembly
- Completed reload, in  4.377 seconds
Domain Reload Profiling:
	ReloadAssembly (4381ms)
		BeginReloadAssembly (361ms)
			ExecutionOrderSort (0ms)
			DisableScriptedObjects (0ms)
			BackupInstance (0ms)
			ReleaseScriptingObjects (0ms)
			CreateAndSetChildDomain (8ms)
		EndReloadAssembly (3688ms)
			LoadAssemblies (349ms)
			RebuildTransferFunctionScriptingTraits (0ms)
			SetupTypeCache (560ms)
			ReleaseScriptCaches (0ms)
			RebuildScriptCaches (145ms)
			SetupLoadedEditorAssemblies (2764ms)
				LogAssemblyErrors (0ms)
				InitializePlatformSupportModulesInManaged (1906ms)
				SetLoadedEditorAssemblies (1ms)
				RefreshPlugins (340ms)
				BeforeProcessingInitializeOnLoad (4ms)
				ProcessInitializeOnLoadAttributes (329ms)
				ProcessInitializeOnLoadMethodAttributes (183ms)
				AfterProcessingInitializeOnLoad (0ms)
				EditorAssembliesLoaded (0ms)
			ExecutionOrderSort2 (0ms)
			AwakeInstancesAfterBackupRestoration (0ms)
Platform modules already initialized, skipping
Registering precompiled user dll's ...
Registered in 0.030036 seconds.
Begin MonoManager ReloadAssembly
Symbol file LoadedFromMemory doesn't match image C:\Users\Daniel Marto\Documents\Unity Projects\SMAUG\U.LumberJock\Library\PackageCache\com.unity.visualscripting@1.8.0\Editor\VisualScripting.Core\Dependencies\YamlDotNet\Unity.VisualScripting.YamlDotNet.dll
Symbol file LoadedFromMemory doesn't match image C:\Users\Daniel Marto\Documents\Unity Projects\SMAUG\U.LumberJock\Library\PackageCache\com.unity.visualscripting@1.8.0\Editor\VisualScripting.Core\Dependencies\DotNetZip\Unity.VisualScripting.IonicZip.dll
Symbol file LoadedFromMemory is not a mono symbol file
Native extension for WindowsStandalone target not found
Native extension for Android target not found
Native extension for WebGL target not found
Refreshing native plugins compatible for Editor in 392.16 ms, found 5 plugins.
Preloading 0 native plugins for Editor in 0.00 ms.
Mono: successfully reloaded assembly
- Completed reload, in  7.143 seconds
Domain Reload Profiling:
	ReloadAssembly (7145ms)
		BeginReloadAssembly (405ms)
			ExecutionOrderSort (0ms)
			DisableScriptedObjects (22ms)
			BackupInstance (0ms)
			ReleaseScriptingObjects (1ms)
			CreateAndSetChildDomain (46ms)
		EndReloadAssembly (6361ms)
			LoadAssemblies (392ms)
			RebuildTransferFunctionScriptingTraits (0ms)
			SetupTypeCache (1146ms)
			ReleaseScriptCaches (2ms)
			RebuildScriptCaches (346ms)
			SetupLoadedEditorAssemblies (4250ms)
				LogAssemblyErrors (0ms)
				InitializePlatformSupportModulesInManaged (82ms)
				SetLoadedEditorAssemblies (0ms)
				RefreshPlugins (392ms)
				BeforeProcessingInitializeOnLoad (387ms)
				ProcessInitializeOnLoadAttributes (2979ms)
				ProcessInitializeOnLoadMethodAttributes (380ms)
				AfterProcessingInitializeOnLoad (29ms)
				EditorAssembliesLoaded (1ms)
			ExecutionOrderSort2 (0ms)
			AwakeInstancesAfterBackupRestoration (15ms)
Platform modules already initialized, skipping
========================================================================
Worker process is ready to serve import requests
Launched and connected shader compiler UnityShaderCompiler.exe after 0.31 seconds
Refreshing native plugins compatible for Editor in 2.40 ms, found 5 plugins.
Preloading 0 native plugins for Editor in 0.00 ms.
Unloading 4454 Unused Serialized files (Serialized files now loaded: 0)
Unloading 42 unused Assets / (284.1 KB). Loaded Objects now: 4913.
Memory consumption went from 169.0 MB to 168.7 MB.
Total: 26.060200 ms (FindLiveObjects: 0.835000 ms CreateObjectMapping: 1.790800 ms MarkObjects: 23.165900 ms  DeleteObjects: 0.265900 ms)

AssetImportParameters requested are different than current active one (requested -> active):
  custom:video-decoder-ogg-theora: a1e56fd34408186e4bbccfd4996cb3dc -> 
  custom:container-muxer-webm: aa71ff27fc2769a1b78a27578f13a17b -> 
  custom:container-demuxer-webm: 4f35f7cbe854078d1ac9338744f61a02 -> 
  custom:video-encoder-webm-vp8: eb34c28f22e8b96e1ab97ce403110664 -> 
  custom:audio-encoder-webm-vorbis: bf7c407c2cedff20999df2af8eb42d56 -> 
  custom:framework-win-MediaFoundation: 216162199b28c13a410421893ffa2e32 -> 
  custom:container-demuxer-ogg: 62fdf1f143b41e24485cea50d1cbac27 -> 
  custom:video-decoder-webm-vp8: 9c59270c3fd7afecdb556c50c9e8de78 -> 
  custom:audio-decoder-ogg-vorbis: bf7c407c2cedff20999df2af8eb42d56 -> 
========================================================================
Received Import Request.
  Time since last request: 372485.984157 seconds.
  path: Assets/Prefabs/Trees/Europa/Carvalho Europeu.asset
  artifactKey: Guid(8c8bd23246e25ec4193f23f768dcfc4a) Importer(815301076,1909f56bfc062723c751e8b465ee728b)
Start importing Assets/Prefabs/Trees/Europa/Carvalho Europeu.asset using Guid(8c8bd23246e25ec4193f23f768dcfc4a) Importer(815301076,1909f56bfc062723c751e8b465ee728b)  -> (artifact id: '2b7f0d861f1a231a4d421192c8e23401') in 0.249724 seconds 
========================================================================
Received Import Request.
  Time since last request: 0.000191 seconds.
  path: Assets/Prefabs/Trees/Europa/Castanheiro.asset
  artifactKey: Guid(214a8f555010144469b20ac08fb389ae) Importer(815301076,1909f56bfc062723c751e8b465ee728b)
Start importing Assets/Prefabs/Trees/Europa/Castanheiro.asset using Guid(214a8f555010144469b20ac08fb389ae) Importer(815301076,1909f56bfc062723c751e8b465ee728b)  -> (artifact id: 'dc3c5ee826f9caf069282cdd586273f8') in 0.041549 seconds 
========================================================================
Received Import Request.
  Time since last request: 0.000090 seconds.
  path: Assets/Prefabs/Trees/Europa/Faia.asset
  artifactKey: Guid(256d183118ff3484495081be866ace81) Importer(815301076,1909f56bfc062723c751e8b465ee728b)
Start importing Assets/Prefabs/Trees/Europa/Faia.asset using Guid(256d183118ff3484495081be866ace81) Importer(815301076,1909f56bfc062723c751e8b465ee728b)  -> (artifact id: 'f3cbe0f7172226304a12fe8777383ea7') in 0.061264 seconds 
========================================================================
Received Import Request.
  Time since last request: 21.795588 seconds.
  path: Assets/Prefabs/Trees/Oceania/Camélia.asset
  artifactKey: Guid(b9948dc4f4c18fb4b8a7f34ef557e231) Importer(815301076,1909f56bfc062723c751e8b465ee728b)
Start importing Assets/Prefabs/Trees/Oceania/Camélia.asset using Guid(b9948dc4f4c18fb4b8a7f34ef557e231) Importer(815301076,1909f56bfc062723c751e8b465ee728b)  -> (artifact id: 'be10aeef7fe6dddaaf6ce745ade25780') in 0.042079 seconds 
========================================================================
Received Import Request.
  Time since last request: 97.024147 seconds.
  path: Assets/Prefabs/Trees/America do Norte/Arvore do Tulipa.asset
  artifactKey: Guid(bd3b84f25ccf5144d91d370decaeab15) Importer(815301076,1909f56bfc062723c751e8b465ee728b)
Start importing Assets/Prefabs/Trees/America do Norte/Arvore do Tulipa.asset using Guid(bd3b84f25ccf5144d91d370decaeab15) Importer(815301076,1909f56bfc062723c751e8b465ee728b)  -> (artifact id: '801573eca7b35f2157e2d6f8d213684d') in 0.037489 seconds 
========================================================================
Received Import Request.
  Time since last request: 16.403807 seconds.
  path: Assets/Prefabs/Trees/America do Norte/Tulipeira.asset
  artifactKey: Guid(bd3b84f25ccf5144d91d370decaeab15) Importer(815301076,1909f56bfc062723c751e8b465ee728b)
Start importing Assets/Prefabs/Trees/America do Norte/Tulipeira.asset using Guid(bd3b84f25ccf5144d91d370decaeab15) Importer(815301076,1909f56bfc062723c751e8b465ee728b)  -> (artifact id: '04bdccf0e7b9a5b8dd45fdbdace673c1') in 0.034090 seconds 
========================================================================
Received Import Request.
  Time since last request: 29.816468 seconds.
  path: Assets/Prefabs/Trees/America do Norte/Bétula.asset
  artifactKey: Guid(414388399ef0e004e8f8fd3a2c495456) Importer(815301076,1909f56bfc062723c751e8b465ee728b)
Start importing Assets/Prefabs/Trees/America do Norte/Bétula.asset using Guid(414388399ef0e004e8f8fd3a2c495456) Importer(815301076,1909f56bfc062723c751e8b465ee728b)  -> (artifact id: '5c9e139938cd04c2f8ac279f10f7a100') in 0.121153 seconds 
========================================================================
Received Import Request.
  Time since last request: 28.836675 seconds.
  path: Assets/Prefabs/Trees/America do Norte/Sequoia.asset
  artifactKey: Guid(4f51be35706689042b28a14012567753) Importer(815301076,1909f56bfc062723c751e8b465ee728b)
Start importing Assets/Prefabs/Trees/America do Norte/Sequoia.asset using Guid(4f51be35706689042b28a14012567753) Importer(815301076,1909f56bfc062723c751e8b465ee728b)  -> (artifact id: '4635fa20e91bdc6a86d93c789e07dcda') in 0.044209 seconds 
========================================================================
Received Import Request.
  Time since last request: 62.334658 seconds.
  path: Assets/Prefabs/Trees/America do Sul/Angelim.asset
  artifactKey: Guid(582510af7ebabce479331edb22a56208) Importer(815301076,1909f56bfc062723c751e8b465ee728b)
Start importing Assets/Prefabs/Trees/America do Sul/Angelim.asset using Guid(582510af7ebabce479331edb22a56208) Importer(815301076,1909f56bfc062723c751e8b465ee728b)  -> (artifact id: '359ad72aa7c8236e3dd31317ff33f1d4') in 0.056794 seconds 
========================================================================
Received Import Request.
  Time since last request: 9.515366 seconds.
  path: Assets/Sprites/Trees/America do Sul/00araucaria.png
  artifactKey: Guid(4091c69704cf838409b8ca2212b9b4d3) Importer(815301076,1909f56bfc062723c751e8b465ee728b)
Start importing Assets/Sprites/Trees/America do Sul/00araucaria.png using Guid(4091c69704cf838409b8ca2212b9b4d3) Importer(815301076,1909f56bfc062723c751e8b465ee728b)  -> (artifact id: '2d9a55aa818f04932d4885575b7af76a') in 1.304205 seconds 
========================================================================
Received Import Request.
  Time since last request: 28.687490 seconds.
  path: Assets/Sprites/Trees/America do Sul/00mognobrasileiro.png
  artifactKey: Guid(a218ee3dcb1569d4cba510799274c34e) Importer(815301076,1909f56bfc062723c751e8b465ee728b)
Start importing Assets/Sprites/Trees/America do Sul/00mognobrasileiro.png using Guid(a218ee3dcb1569d4cba510799274c34e) Importer(815301076,1909f56bfc062723c751e8b465ee728b)  -> (artifact id: '7bb5aa7d6ccdbc7b0eef0933706fcb3c') in 0.490030 seconds 
========================================================================
Received Import Request.
  Time since last request: 21.880807 seconds.
  path: Assets/Prefabs/Trees/America do Sul/Palmeira Açai.asset
  artifactKey: Guid(6a871834ba36dd74d947e8fafa323d4b) Importer(815301076,1909f56bfc062723c751e8b465ee728b)
Start importing Assets/Prefabs/Trees/America do Sul/Palmeira Açai.asset using Guid(6a871834ba36dd74d947e8fafa323d4b) Importer(815301076,1909f56bfc062723c751e8b465ee728b)  -> (artifact id: '6c8f091b2462d0a0a52d0075ae1daca0') in 0.039291 seconds 
========================================================================
Received Prepare
Registering precompiled user dll's ...
Registered in 0.046636 seconds.
