Using pre-set license
Built from '2021.3/staging' branch; Version is '2021.3.25f1 (68ef2c4f8861) revision 6876972'; Using compiler version '192829333'; Build Type 'Release'
OS: 'Windows 10  (10.0.19045) 64bit Professional' Language: 'en' Physical Memory: 7785 MB
BatchMode: 1, IsHumanControllingUs: 0, StartBugReporterOnCrash: 0, Is64bit: 1, IsPro: 1

COMMAND LINE ARGUMENTS:
C:\Program Files\Unity\Hub\Editor\2021.3.25f1\Editor\Unity.exe
-adb2
-batchMode
-noUpm
-name
AssetImportWorker0
-projectPath
C:/Users/Daniel Marto/Documents/Unity Projects/SMAUG/U.LumberJock
-logFile
Logs/AssetImportWorker0.log
-srvPort
51464
Successfully changed project path to: C:/Users/Daniel Marto/Documents/Unity Projects/SMAUG/U.LumberJock
C:/Users/Daniel Marto/Documents/Unity Projects/SMAUG/U.LumberJock
[UnityMemory] Configuration Parameters - Can be set up in boot.config
    "memorysetup-bucket-allocator-granularity=16"
    "memorysetup-bucket-allocator-bucket-count=8"
    "memorysetup-bucket-allocator-block-size=33554432"
    "memorysetup-bucket-allocator-block-count=8"
    "memorysetup-main-allocator-block-size=16777216"
    "memorysetup-thread-allocator-block-size=16777216"
    "memorysetup-gfx-main-allocator-block-size=16777216"
    "memorysetup-gfx-thread-allocator-block-size=16777216"
    "memorysetup-cache-allocator-block-size=4194304"
    "memorysetup-typetree-allocator-block-size=2097152"
    "memorysetup-profiler-bucket-allocator-granularity=16"
    "memorysetup-profiler-bucket-allocator-bucket-count=8"
    "memorysetup-profiler-bucket-allocator-block-size=33554432"
    "memorysetup-profiler-bucket-allocator-block-count=8"
    "memorysetup-profiler-allocator-block-size=16777216"
    "memorysetup-profiler-editor-allocator-block-size=1048576"
    "memorysetup-temp-allocator-size-main=16777216"
    "memorysetup-job-temp-allocator-block-size=2097152"
    "memorysetup-job-temp-allocator-block-size-background=1048576"
    "memorysetup-job-temp-allocator-reduction-small-platforms=262144"
    "memorysetup-temp-allocator-size-background-worker=32768"
    "memorysetup-temp-allocator-size-job-worker=262144"
    "memorysetup-temp-allocator-size-preload-manager=33554432"
    "memorysetup-temp-allocator-size-nav-mesh-worker=65536"
    "memorysetup-temp-allocator-size-audio-worker=65536"
    "memorysetup-temp-allocator-size-cloud-worker=32768"
    "memorysetup-temp-allocator-size-gi-baking-worker=262144"
    "memorysetup-temp-allocator-size-gfx=262144"
Player connection [13160] Host "[IP] 192.168.1.8 [Port] 0 [Flags] 2 [Guid] 3072780337 [EditorId] 3072780337 [Version] 1048832 [Id] WindowsEditor(7,OXYGENE-430) [Debug] 1 [PackageName] WindowsEditor [ProjectName] Editor" joined multi-casting on [225.0.0.222:54997]...

Player connection [13160] Host "[IP] 192.168.1.8 [Port] 0 [Flags] 2 [Guid] 3072780337 [EditorId] 3072780337 [Version] 1048832 [Id] WindowsEditor(7,OXYGENE-430) [Debug] 1 [PackageName] WindowsEditor [ProjectName] Editor" joined alternative multi-casting on [225.0.0.222:34997]...

Refreshing native plugins compatible for Editor in 194.57 ms, found 4 plugins.
Preloading 0 native plugins for Editor in 0.00 ms.
Initialize engine version: 2021.3.25f1 (68ef2c4f8861)
[Subsystems] Discovering subsystems at path C:/Program Files/Unity/Hub/Editor/2021.3.25f1/Editor/Data/Resources/UnitySubsystems
[Subsystems] Discovering subsystems at path C:/Users/Daniel Marto/Documents/Unity Projects/SMAUG/U.LumberJock/Assets
GfxDevice: creating device client; threaded=0; jobified=0
Direct3D:
    Version:  Direct3D 11.0 [level 11.0]
    Renderer: Intel(R) HD Graphics 4000 (ID=0x166)
    Vendor:   Intel
    VRAM:     128 MB
    Driver:   10.18.10.5161
Initialize mono
Mono path[0] = 'C:/Program Files/Unity/Hub/Editor/2021.3.25f1/Editor/Data/Managed'
Mono path[1] = 'C:/Program Files/Unity/Hub/Editor/2021.3.25f1/Editor/Data/MonoBleedingEdge/lib/mono/unityjit-win32'
Mono config path = 'C:/Program Files/Unity/Hub/Editor/2021.3.25f1/Editor/Data/MonoBleedingEdge/etc'
Using monoOptions --debugger-agent=transport=dt_socket,embedding=1,server=y,suspend=n,address=127.0.0.1:56788
Begin MonoManager ReloadAssembly
Registering precompiled unity dll's ...
Register platform support module: C:/Program Files/Unity/Hub/Editor/2021.3.25f1/Editor/Data/PlaybackEngines/AndroidPlayer/UnityEditor.Android.Extensions.dll
Register platform support module: C:/Program Files/Unity/Hub/Editor/2021.3.25f1/Editor/Data/PlaybackEngines/WindowsStandaloneSupport/UnityEditor.WindowsStandalone.Extensions.dll
Registered in 0.019457 seconds.
Native extension for WindowsStandalone target not found
Native extension for Android target not found
Android Extension - Scanning For ADB Devices 606 ms
Refreshing native plugins compatible for Editor in 314.07 ms, found 4 plugins.
Preloading 0 native plugins for Editor in 0.00 ms.
Mono: successfully reloaded assembly
- Completed reload, in  2.557 seconds
Domain Reload Profiling:
	ReloadAssembly (2558ms)
		BeginReloadAssembly (333ms)
			ExecutionOrderSort (0ms)
			DisableScriptedObjects (0ms)
			BackupInstance (0ms)
			ReleaseScriptingObjects (0ms)
			CreateAndSetChildDomain (2ms)
		EndReloadAssembly (2001ms)
			LoadAssemblies (286ms)
			RebuildTransferFunctionScriptingTraits (0ms)
			SetupTypeCache (215ms)
			ReleaseScriptCaches (0ms)
			RebuildScriptCaches (59ms)
			SetupLoadedEditorAssemblies (1617ms)
				LogAssemblyErrors (0ms)
				InitializePlatformSupportModulesInManaged (881ms)
				SetLoadedEditorAssemblies (1ms)
				RefreshPlugins (314ms)
				BeforeProcessingInitializeOnLoad (5ms)
				ProcessInitializeOnLoadAttributes (295ms)
				ProcessInitializeOnLoadMethodAttributes (121ms)
				AfterProcessingInitializeOnLoad (0ms)
				EditorAssembliesLoaded (0ms)
			ExecutionOrderSort2 (0ms)
			AwakeInstancesAfterBackupRestoration (0ms)
Platform modules already initialized, skipping
Registering precompiled user dll's ...
Registered in 0.074911 seconds.
Begin MonoManager ReloadAssembly
Symbol file LoadedFromMemory doesn't match image C:\Users\Daniel Marto\Documents\Unity Projects\SMAUG\U.LumberJock\Library\PackageCache\com.unity.visualscripting@1.8.0\Editor\VisualScripting.Core\Dependencies\YamlDotNet\Unity.VisualScripting.YamlDotNet.dll
Symbol file LoadedFromMemory doesn't match image C:\Users\Daniel Marto\Documents\Unity Projects\SMAUG\U.LumberJock\Library\PackageCache\com.unity.visualscripting@1.8.0\Editor\VisualScripting.Core\Dependencies\DotNetZip\Unity.VisualScripting.IonicZip.dll
Symbol file LoadedFromMemory is not a mono symbol file
Native extension for WindowsStandalone target not found
Native extension for Android target not found
Refreshing native plugins compatible for Editor in 191.03 ms, found 4 plugins.
Preloading 0 native plugins for Editor in 0.00 ms.
Mono: successfully reloaded assembly
- Completed reload, in  5.020 seconds
Domain Reload Profiling:
	ReloadAssembly (5023ms)
		BeginReloadAssembly (347ms)
			ExecutionOrderSort (0ms)
			DisableScriptedObjects (10ms)
			BackupInstance (0ms)
			ReleaseScriptingObjects (0ms)
			CreateAndSetChildDomain (31ms)
		EndReloadAssembly (4163ms)
			LoadAssemblies (550ms)
			RebuildTransferFunctionScriptingTraits (0ms)
			SetupTypeCache (1457ms)
			ReleaseScriptCaches (1ms)
			RebuildScriptCaches (130ms)
			SetupLoadedEditorAssemblies (1950ms)
				LogAssemblyErrors (0ms)
				InitializePlatformSupportModulesInManaged (42ms)
				SetLoadedEditorAssemblies (0ms)
				RefreshPlugins (191ms)
				BeforeProcessingInitializeOnLoad (230ms)
				ProcessInitializeOnLoadAttributes (1258ms)
				ProcessInitializeOnLoadMethodAttributes (194ms)
				AfterProcessingInitializeOnLoad (33ms)
				EditorAssembliesLoaded (2ms)
			ExecutionOrderSort2 (0ms)
			AwakeInstancesAfterBackupRestoration (18ms)
Platform modules already initialized, skipping
========================================================================
Worker process is ready to serve import requests
Launched and connected shader compiler UnityShaderCompiler.exe after 0.17 seconds
Refreshing native plugins compatible for Editor in 1.80 ms, found 4 plugins.
Preloading 0 native plugins for Editor in 0.00 ms.
Unloading 4396 Unused Serialized files (Serialized files now loaded: 0)
Unloading 40 unused Assets / (284.1 KB). Loaded Objects now: 4855.
Memory consumption went from 166.7 MB to 166.4 MB.
Total: 6.601000 ms (FindLiveObjects: 0.514400 ms CreateObjectMapping: 0.622300 ms MarkObjects: 5.326100 ms  DeleteObjects: 0.136300 ms)

AssetImportParameters requested are different than current active one (requested -> active):
  custom:video-decoder-ogg-theora: a1e56fd34408186e4bbccfd4996cb3dc -> 
  custom:container-muxer-webm: aa71ff27fc2769a1b78a27578f13a17b -> 
  custom:container-demuxer-webm: 4f35f7cbe854078d1ac9338744f61a02 -> 
  custom:video-encoder-webm-vp8: eb34c28f22e8b96e1ab97ce403110664 -> 
  custom:audio-encoder-webm-vorbis: bf7c407c2cedff20999df2af8eb42d56 -> 
  custom:framework-win-MediaFoundation: 216162199b28c13a410421893ffa2e32 -> 
  custom:container-demuxer-ogg: 62fdf1f143b41e24485cea50d1cbac27 -> 
  custom:video-decoder-webm-vp8: 9c59270c3fd7afecdb556c50c9e8de78 -> 
  custom:audio-decoder-ogg-vorbis: bf7c407c2cedff20999df2af8eb42d56 -> 
========================================================================
Received Import Request.
  Time since last request: 939601.676915 seconds.
  path: Assets/Prefabs/Areas/Europa.asset
  artifactKey: Guid(765142366d6151a418904094a52a8b9d) Importer(815301076,1909f56bfc062723c751e8b465ee728b)
Start importing Assets/Prefabs/Areas/Europa.asset using Guid(765142366d6151a418904094a52a8b9d) Importer(815301076,1909f56bfc062723c751e8b465ee728b)  -> (artifact id: '94d1280a79d90817f917840991e87b0a') in 0.104732 seconds 
========================================================================
Received Import Request.
  Time since last request: 25.551441 seconds.
  path: Assets/Prefabs/Trees/America do Sul
  artifactKey: Guid(2650c6e40ca7f36458e9ed8ceebb0117) Importer(815301076,1909f56bfc062723c751e8b465ee728b)
Start importing Assets/Prefabs/Trees/America do Sul using Guid(2650c6e40ca7f36458e9ed8ceebb0117) Importer(815301076,1909f56bfc062723c751e8b465ee728b)  -> (artifact id: '3ff286c0f9fbb4a6a1f4044725e4b5bc') in 0.035244 seconds 
========================================================================
Received Import Request.
  Time since last request: 11.081079 seconds.
  path: Assets/Prefabs/Areas/America do Sul.asset
  artifactKey: Guid(ac1ab6b29de1d234ab1897581c43cb9d) Importer(815301076,1909f56bfc062723c751e8b465ee728b)
Start importing Assets/Prefabs/Areas/America do Sul.asset using Guid(ac1ab6b29de1d234ab1897581c43cb9d) Importer(815301076,1909f56bfc062723c751e8b465ee728b)  -> (artifact id: '7033f2b8f66e35df9861a181bab37909') in 0.010667 seconds 
========================================================================
Received Import Request.
  Time since last request: 23.871525 seconds.
  path: Assets/Prefabs/Trees/Europa/Carvalho Europeu.asset
  artifactKey: Guid(8c8bd23246e25ec4193f23f768dcfc4a) Importer(815301076,1909f56bfc062723c751e8b465ee728b)
Start importing Assets/Prefabs/Trees/Europa/Carvalho Europeu.asset using Guid(8c8bd23246e25ec4193f23f768dcfc4a) Importer(815301076,1909f56bfc062723c751e8b465ee728b)  -> (artifact id: 'a258d67ed56a9b36f0154ab3535acd37') in 0.041533 seconds 
========================================================================
Received Import Request.
  Time since last request: 1.175727 seconds.
  path: Assets/Prefabs/Trees/Europa/Castanheiro.asset
  artifactKey: Guid(214a8f555010144469b20ac08fb389ae) Importer(815301076,1909f56bfc062723c751e8b465ee728b)
Start importing Assets/Prefabs/Trees/Europa/Castanheiro.asset using Guid(214a8f555010144469b20ac08fb389ae) Importer(815301076,1909f56bfc062723c751e8b465ee728b)  -> (artifact id: 'f6f23f079770ccf3735ff83451d90c49') in 0.075673 seconds 
========================================================================
Received Import Request.
  Time since last request: 1.195981 seconds.
  path: Assets/Prefabs/Trees/Europa/Faia.asset
  artifactKey: Guid(256d183118ff3484495081be866ace81) Importer(815301076,1909f56bfc062723c751e8b465ee728b)
Start importing Assets/Prefabs/Trees/Europa/Faia.asset using Guid(256d183118ff3484495081be866ace81) Importer(815301076,1909f56bfc062723c751e8b465ee728b)  -> (artifact id: '9cf3bc82eb0c560b9fb3b4f62cfca37c') in 0.042948 seconds 
========================================================================
Received Import Request.
  Time since last request: 27.694022 seconds.
  path: Assets/Sprites/Trees/Castanheiro Europeu.png
  artifactKey: Guid(225ae415e35a4bd48a48734fc4def0bd) Importer(815301076,1909f56bfc062723c751e8b465ee728b)
Start importing Assets/Sprites/Trees/Castanheiro Europeu.png using Guid(225ae415e35a4bd48a48734fc4def0bd) Importer(815301076,1909f56bfc062723c751e8b465ee728b)  -> (artifact id: '9c70412e61c862b6c0783289455f9603') in 0.294018 seconds 
========================================================================
Received Import Request.
  Time since last request: 13.453889 seconds.
  path: Assets/Sprites/Trees/Castanheiro.png
  artifactKey: Guid(b9d391d1e3a6739429f4beb0c00558ad) Importer(815301076,1909f56bfc062723c751e8b465ee728b)
Start importing Assets/Sprites/Trees/Castanheiro.png using Guid(b9d391d1e3a6739429f4beb0c00558ad) Importer(815301076,1909f56bfc062723c751e8b465ee728b)  -> (artifact id: '4fabf346774669fd01b1e7f2aa20ace5') in 0.195100 seconds 
========================================================================
Received Import Request.
  Time since last request: 8.846386 seconds.
  path: Assets/Sprites/Trees/Faia.png
  artifactKey: Guid(eab7fc3ab5ab43845a4319613e9075a9) Importer(815301076,1909f56bfc062723c751e8b465ee728b)
Start importing Assets/Sprites/Trees/Faia.png using Guid(eab7fc3ab5ab43845a4319613e9075a9) Importer(815301076,1909f56bfc062723c751e8b465ee728b)  -> (artifact id: 'bab9ee9c5876c69c4df35d68ce5c0885') in 0.115026 seconds 
========================================================================
Received Import Request.
  Time since last request: 10.525715 seconds.
  path: Assets/Sprites/Trees/Europa
  artifactKey: Guid(60afe8d296827144baf2c8a69929d439) Importer(815301076,1909f56bfc062723c751e8b465ee728b)
Start importing Assets/Sprites/Trees/Europa using Guid(60afe8d296827144baf2c8a69929d439) Importer(815301076,1909f56bfc062723c751e8b465ee728b)  -> (artifact id: '5a7535248bad6758c0f5fa5d8b54215a') in 0.006546 seconds 
========================================================================
Received Import Request.
  Time since last request: 22.975252 seconds.
  path: Assets/Prefabs/Trees/America do Sul/New Tree Data.asset
  artifactKey: Guid(582510af7ebabce479331edb22a56208) Importer(815301076,1909f56bfc062723c751e8b465ee728b)
Start importing Assets/Prefabs/Trees/America do Sul/New Tree Data.asset using Guid(582510af7ebabce479331edb22a56208) Importer(815301076,1909f56bfc062723c751e8b465ee728b)  -> (artifact id: 'fc27aa6a812021e2991f5d33c1fb073d') in 0.069755 seconds 
========================================================================
Received Import Request.
  Time since last request: 13.956649 seconds.
  path: Assets/Prefabs/Trees/America do Sul/Angelim.asset
  artifactKey: Guid(582510af7ebabce479331edb22a56208) Importer(815301076,1909f56bfc062723c751e8b465ee728b)
Start importing Assets/Prefabs/Trees/America do Sul/Angelim.asset using Guid(582510af7ebabce479331edb22a56208) Importer(815301076,1909f56bfc062723c751e8b465ee728b)  -> (artifact id: '76dd8d1425f7be5d41ba9ec1b434e23e') in 0.034632 seconds 
========================================================================
Received Import Request.
  Time since last request: 16.013836 seconds.
  path: Assets/Prefabs/Trees/America do Sul/New Tree Data.asset
  artifactKey: Guid(bf835120c6673bf46ad1cd540b4ae61d) Importer(815301076,1909f56bfc062723c751e8b465ee728b)
Start importing Assets/Prefabs/Trees/America do Sul/New Tree Data.asset using Guid(bf835120c6673bf46ad1cd540b4ae61d) Importer(815301076,1909f56bfc062723c751e8b465ee728b)  -> (artifact id: 'f997b68140144b3af4b1be32be6fc0d3') in 0.019232 seconds 
========================================================================
Received Import Request.
  Time since last request: 10.512839 seconds.
  path: Assets/Prefabs/Trees/America do Sul/Mogno.asset
  artifactKey: Guid(bf835120c6673bf46ad1cd540b4ae61d) Importer(815301076,1909f56bfc062723c751e8b465ee728b)
Start importing Assets/Prefabs/Trees/America do Sul/Mogno.asset using Guid(bf835120c6673bf46ad1cd540b4ae61d) Importer(815301076,1909f56bfc062723c751e8b465ee728b)  -> (artifact id: '5d54f783e6fff66d55be8123e4ae0ce1') in 0.044963 seconds 
========================================================================
Received Import Request.
  Time since last request: 11.247552 seconds.
  path: Assets/Prefabs/Trees/America do Sul/Araucária.asset
  artifactKey: Guid(1fc1c5b4e23e2b540a7b94c9f76384cd) Importer(815301076,1909f56bfc062723c751e8b465ee728b)
Start importing Assets/Prefabs/Trees/America do Sul/Araucária.asset using Guid(1fc1c5b4e23e2b540a7b94c9f76384cd) Importer(815301076,1909f56bfc062723c751e8b465ee728b)  -> (artifact id: '80659a3645132a8a92b96c8c1476f3cf') in 0.025247 seconds 
========================================================================
Received Import Request.
  Time since last request: 17.083643 seconds.
  path: Assets/Prefabs/Trees/America do Sul/Cedro.asset
  artifactKey: Guid(1ae39b80efd93b34996c86fff0217ce3) Importer(815301076,1909f56bfc062723c751e8b465ee728b)
Start importing Assets/Prefabs/Trees/America do Sul/Cedro.asset using Guid(1ae39b80efd93b34996c86fff0217ce3) Importer(815301076,1909f56bfc062723c751e8b465ee728b)  -> (artifact id: '906fd21616ce1422d91845f6018fc3b8') in 0.029266 seconds 
========================================================================
Received Import Request.
  Time since last request: 25.586252 seconds.
  path: Assets/Prefabs/Trees/America do Sul/Canela-Preta.asset
  artifactKey: Guid(154034f910f2c2a4eaac84d0926d34cb) Importer(815301076,1909f56bfc062723c751e8b465ee728b)
Start importing Assets/Prefabs/Trees/America do Sul/Canela-Preta.asset using Guid(154034f910f2c2a4eaac84d0926d34cb) Importer(815301076,1909f56bfc062723c751e8b465ee728b)  -> (artifact id: '64af7c2af1c82ea909154792c7e3094e') in 0.030005 seconds 
========================================================================
Received Import Request.
  Time since last request: 15.742950 seconds.
  path: Assets/Prefabs/Trees/America do Sul/Palmeira-Juçaea.asset
  artifactKey: Guid(6a871834ba36dd74d947e8fafa323d4b) Importer(815301076,1909f56bfc062723c751e8b465ee728b)
Start importing Assets/Prefabs/Trees/America do Sul/Palmeira-Juçaea.asset using Guid(6a871834ba36dd74d947e8fafa323d4b) Importer(815301076,1909f56bfc062723c751e8b465ee728b)  -> (artifact id: 'fc00ef6edf040e72318238aed747beff') in 0.053688 seconds 
========================================================================
Received Import Request.
  Time since last request: 9.163093 seconds.
  path: Assets/Prefabs/Trees/America do Sul/Palmeira-Juçara.asset
  artifactKey: Guid(6a871834ba36dd74d947e8fafa323d4b) Importer(815301076,1909f56bfc062723c751e8b465ee728b)
Start importing Assets/Prefabs/Trees/America do Sul/Palmeira-Juçara.asset using Guid(6a871834ba36dd74d947e8fafa323d4b) Importer(815301076,1909f56bfc062723c751e8b465ee728b)  -> (artifact id: '69e0370c90adb8db3e25dbbbc5728233') in 0.025131 seconds 
========================================================================
Received Import Request.
  Time since last request: 16.143225 seconds.
  path: Assets/Prefabs/Areas/New Tree Data.asset
  artifactKey: Guid(fccc2ba907e0d3249b51b0645be75bb0) Importer(815301076,1909f56bfc062723c751e8b465ee728b)
Start importing Assets/Prefabs/Areas/New Tree Data.asset using Guid(fccc2ba907e0d3249b51b0645be75bb0) Importer(815301076,1909f56bfc062723c751e8b465ee728b)  -> (artifact id: '7bb065bc4ae5db4827ebb58dbcea5739') in 0.012512 seconds 
========================================================================
Received Import Request.
  Time since last request: 21.116630 seconds.
  path: Assets/Prefabs/Areas/America do Norte.asset
  artifactKey: Guid(4715a6a2622cfa7429aaee0c85f88e0f) Importer(815301076,1909f56bfc062723c751e8b465ee728b)
Start importing Assets/Prefabs/Areas/America do Norte.asset using Guid(4715a6a2622cfa7429aaee0c85f88e0f) Importer(815301076,1909f56bfc062723c751e8b465ee728b)  -> (artifact id: '5128cf13ebb85123c43a95d82a4a0716') in 0.050654 seconds 
========================================================================
Received Import Request.
  Time since last request: 66.187942 seconds.
  path: Assets/Prefabs/Trees/America do Norte
  artifactKey: Guid(ea8eb2deaf0f6f94db5f3033971b504b) Importer(815301076,1909f56bfc062723c751e8b465ee728b)
Start importing Assets/Prefabs/Trees/America do Norte using Guid(ea8eb2deaf0f6f94db5f3033971b504b) Importer(815301076,1909f56bfc062723c751e8b465ee728b)  -> (artifact id: '166327fcd5bf142cbf10d460a19b9f47') in 0.009297 seconds 
========================================================================
Received Import Request.
  Time since last request: 20.349267 seconds.
  path: Assets/Prefabs/Trees/America do Norte/Sequoia.asset
  artifactKey: Guid(4f51be35706689042b28a14012567753) Importer(815301076,1909f56bfc062723c751e8b465ee728b)
Start importing Assets/Prefabs/Trees/America do Norte/Sequoia.asset using Guid(4f51be35706689042b28a14012567753) Importer(815301076,1909f56bfc062723c751e8b465ee728b)  -> (artifact id: '998a7de388144bdeec11c7dd0cb225b0') in 0.025949 seconds 
========================================================================
Received Import Request.
  Time since last request: 27.037460 seconds.
  path: Assets/Prefabs/Trees/America do Norte/Arvore Tulipa.asset
  artifactKey: Guid(bd3b84f25ccf5144d91d370decaeab15) Importer(815301076,1909f56bfc062723c751e8b465ee728b)
Start importing Assets/Prefabs/Trees/America do Norte/Arvore Tulipa.asset using Guid(bd3b84f25ccf5144d91d370decaeab15) Importer(815301076,1909f56bfc062723c751e8b465ee728b)  -> (artifact id: 'a19a531182d9add8118fd04cca3b3406') in 0.045067 seconds 
========================================================================
Received Import Request.
  Time since last request: 7.220595 seconds.
  path: Assets/Prefabs/Trees/America do Norte/Bétula.asset
  artifactKey: Guid(414388399ef0e004e8f8fd3a2c495456) Importer(815301076,1909f56bfc062723c751e8b465ee728b)
Start importing Assets/Prefabs/Trees/America do Norte/Bétula.asset using Guid(414388399ef0e004e8f8fd3a2c495456) Importer(815301076,1909f56bfc062723c751e8b465ee728b)  -> (artifact id: 'ddd19a2ccd5159f750afbd761f91ee1b') in 0.020587 seconds 
========================================================================
Received Import Request.
  Time since last request: 23.372082 seconds.
  path: Assets/Prefabs/Trees/America do Norte/Arvore do Tulipa.asset
  artifactKey: Guid(bd3b84f25ccf5144d91d370decaeab15) Importer(815301076,1909f56bfc062723c751e8b465ee728b)
Start importing Assets/Prefabs/Trees/America do Norte/Arvore do Tulipa.asset using Guid(bd3b84f25ccf5144d91d370decaeab15) Importer(815301076,1909f56bfc062723c751e8b465ee728b)  -> (artifact id: '71d01c96233697e6a16d55dfccc5b5b9') in 0.017233 seconds 
========================================================================
Received Import Request.
  Time since last request: 20.377913 seconds.
  path: Assets/Prefabs/Trees/America do Norte/Carvalho Branco Americano.asset
  artifactKey: Guid(f947691d06e44b54dafc6a5c34d31d9f) Importer(815301076,1909f56bfc062723c751e8b465ee728b)
Start importing Assets/Prefabs/Trees/America do Norte/Carvalho Branco Americano.asset using Guid(f947691d06e44b54dafc6a5c34d31d9f) Importer(815301076,1909f56bfc062723c751e8b465ee728b)  -> (artifact id: '1d1c0b60f6ede19c0a8e0b2aff0f6d8d') in 0.023358 seconds 
========================================================================
Received Prepare
Registering precompiled user dll's ...
Registered in 0.061127 seconds.
Begin MonoManager ReloadAssembly
Symbol file LoadedFromMemory doesn't match image C:\Users\Daniel Marto\Documents\Unity Projects\SMAUG\U.LumberJock\Library\PackageCache\com.unity.visualscripting@1.8.0\Editor\VisualScripting.Core\Dependencies\YamlDotNet\Unity.VisualScripting.YamlDotNet.dll
Symbol file LoadedFromMemory doesn't match image C:\Users\Daniel Marto\Documents\Unity Projects\SMAUG\U.LumberJock\Library\PackageCache\com.unity.visualscripting@1.8.0\Editor\VisualScripting.Core\Dependencies\DotNetZip\Unity.VisualScripting.IonicZip.dll
Symbol file LoadedFromMemory is not a mono symbol file
Native extension for WindowsStandalone target not found
Native extension for Android target not found
Refreshing native plugins compatible for Editor in 1.17 ms, found 4 plugins.
Preloading 0 native plugins for Editor in 0.00 ms.
Mono: successfully reloaded assembly
- Completed reload, in  4.979 seconds
Domain Reload Profiling:
	ReloadAssembly (4980ms)
		BeginReloadAssembly (469ms)
			ExecutionOrderSort (0ms)
			DisableScriptedObjects (26ms)
			BackupInstance (0ms)
			ReleaseScriptingObjects (0ms)
			CreateAndSetChildDomain (150ms)
		EndReloadAssembly (4200ms)
			LoadAssemblies (375ms)
			RebuildTransferFunctionScriptingTraits (1ms)
			SetupTypeCache (976ms)
			ReleaseScriptCaches (2ms)
			RebuildScriptCaches (136ms)
			SetupLoadedEditorAssemblies (2573ms)
				LogAssemblyErrors (0ms)
				InitializePlatformSupportModulesInManaged (76ms)
				SetLoadedEditorAssemblies (1ms)
				RefreshPlugins (1ms)
				BeforeProcessingInitializeOnLoad (276ms)
				ProcessInitializeOnLoadAttributes (1925ms)
				ProcessInitializeOnLoadMethodAttributes (270ms)
				AfterProcessingInitializeOnLoad (24ms)
				EditorAssembliesLoaded (1ms)
			ExecutionOrderSort2 (0ms)
			AwakeInstancesAfterBackupRestoration (18ms)
Platform modules already initialized, skipping
Refreshing native plugins compatible for Editor in 91.51 ms, found 4 plugins.
Preloading 0 native plugins for Editor in 0.00 ms.
Unloading 4370 Unused Serialized files (Serialized files now loaded: 0)
Unloading 28 unused Assets / (24.7 KB). Loaded Objects now: 4863.
Memory consumption went from 163.8 MB to 163.8 MB.
Total: 11.638900 ms (FindLiveObjects: 0.817400 ms CreateObjectMapping: 1.212900 ms MarkObjects: 9.539900 ms  DeleteObjects: 0.066100 ms)

AssetImportParameters requested are different than current active one (requested -> active):
  custom:video-decoder-ogg-theora: a1e56fd34408186e4bbccfd4996cb3dc -> 
  custom:container-muxer-webm: aa71ff27fc2769a1b78a27578f13a17b -> 
  custom:container-demuxer-webm: 4f35f7cbe854078d1ac9338744f61a02 -> 
  custom:video-encoder-webm-vp8: eb34c28f22e8b96e1ab97ce403110664 -> 
  custom:audio-encoder-webm-vorbis: bf7c407c2cedff20999df2af8eb42d56 -> 
  custom:framework-win-MediaFoundation: 216162199b28c13a410421893ffa2e32 -> 
  custom:container-demuxer-ogg: 62fdf1f143b41e24485cea50d1cbac27 -> 
  custom:video-decoder-webm-vp8: 9c59270c3fd7afecdb556c50c9e8de78 -> 
  custom:audio-decoder-ogg-vorbis: bf7c407c2cedff20999df2af8eb42d56 -> 
========================================================================
Received Import Request.
  Time since last request: 323.892192 seconds.
  path: Assets/Prefabs/Trees/Africa.asset
  artifactKey: Guid(2e23fe0735676cd4caca595af4ea309a) Importer(815301076,1909f56bfc062723c751e8b465ee728b)
Start importing Assets/Prefabs/Trees/Africa.asset using Guid(2e23fe0735676cd4caca595af4ea309a) Importer(815301076,1909f56bfc062723c751e8b465ee728b)  -> (artifact id: 'aa38a70314cf672d285080e063587cdd') in 0.063481 seconds 
========================================================================
Received Import Request.
  Time since last request: 8.746754 seconds.
  path: Assets/Prefabs/Trees/New Area Profile.asset
  artifactKey: Guid(cc31692a5823c164b8be0772d0397c65) Importer(815301076,1909f56bfc062723c751e8b465ee728b)
Start importing Assets/Prefabs/Trees/New Area Profile.asset using Guid(cc31692a5823c164b8be0772d0397c65) Importer(815301076,1909f56bfc062723c751e8b465ee728b)  -> (artifact id: '6fa0c478403b83db8cf6167c8235e4e3') in 0.043877 seconds 
========================================================================
Received Import Request.
  Time since last request: 9.229789 seconds.
  path: Assets/Prefabs/Trees/Africa
  artifactKey: Guid(c3ff22a4ad24b494fb73fff183a50299) Importer(815301076,1909f56bfc062723c751e8b465ee728b)
Start importing Assets/Prefabs/Trees/Africa using Guid(c3ff22a4ad24b494fb73fff183a50299) Importer(815301076,1909f56bfc062723c751e8b465ee728b)  -> (artifact id: 'f7d81e019d6a0075d33ff2748a620604') in 0.008211 seconds 
========================================================================
Received Import Request.
  Time since last request: 11.362934 seconds.
  path: Assets/Prefabs/Trees/Africa/Baoba.asset
  artifactKey: Guid(8c4b61a2c83fbf84599eda11fb46c730) Importer(815301076,1909f56bfc062723c751e8b465ee728b)
Start importing Assets/Prefabs/Trees/Africa/Baoba.asset using Guid(8c4b61a2c83fbf84599eda11fb46c730) Importer(815301076,1909f56bfc062723c751e8b465ee728b)  -> (artifact id: '3b169ddbd57ff4f6705b17481f18ff56') in 0.042868 seconds 
========================================================================
Received Import Request.
  Time since last request: 12.239092 seconds.
  path: Assets/Prefabs/Trees/Africa/Baobá.asset
  artifactKey: Guid(8c4b61a2c83fbf84599eda11fb46c730) Importer(815301076,1909f56bfc062723c751e8b465ee728b)
Start importing Assets/Prefabs/Trees/Africa/Baobá.asset using Guid(8c4b61a2c83fbf84599eda11fb46c730) Importer(815301076,1909f56bfc062723c751e8b465ee728b)  -> (artifact id: '8d46d032d0949db79c04d1cfc24309a0') in 0.017664 seconds 
========================================================================
Received Import Request.
  Time since last request: 11.928113 seconds.
  path: Assets/Scenes
  artifactKey: Guid(131a6b21c8605f84396be9f6751fb6e3) Importer(815301076,1909f56bfc062723c751e8b465ee728b)
Start importing Assets/Scenes using Guid(131a6b21c8605f84396be9f6751fb6e3) Importer(815301076,1909f56bfc062723c751e8b465ee728b)  -> (artifact id: '4935f35005d3ccd51bf39964504ff1b7') in 0.029694 seconds 
========================================================================
Received Import Request.
  Time since last request: 11.408761 seconds.
  path: Assets/Scenes/MainScene.unity
  artifactKey: Guid(b17e64fc05ba1e944ae8b78c6a21bd57) Importer(815301076,1909f56bfc062723c751e8b465ee728b)
Start importing Assets/Scenes/MainScene.unity using Guid(b17e64fc05ba1e944ae8b78c6a21bd57) Importer(815301076,1909f56bfc062723c751e8b465ee728b)  -> (artifact id: '8f996fb5a40b8c544fb0792ef3a84e15') in 0.027760 seconds 
========================================================================
Received Import Request.
  Time since last request: 22.998880 seconds.
  path: Assets/Prefabs/Trees/Africa/Acácia.asset
  artifactKey: Guid(7a8b8d7bc4423ff46be22677268f738e) Importer(815301076,1909f56bfc062723c751e8b465ee728b)
Start importing Assets/Prefabs/Trees/Africa/Acácia.asset using Guid(7a8b8d7bc4423ff46be22677268f738e) Importer(815301076,1909f56bfc062723c751e8b465ee728b)  -> (artifact id: '9ed3679c17010a8fa32c5353dddfcafc') in 0.043243 seconds 
========================================================================
Received Import Request.
  Time since last request: 13.240621 seconds.
  path: Assets/Prefabs/Trees/Africa/Sândalo.asset
  artifactKey: Guid(3f27f70541ac96f42be836eaa642a81f) Importer(815301076,1909f56bfc062723c751e8b465ee728b)
Start importing Assets/Prefabs/Trees/Africa/Sândalo.asset using Guid(3f27f70541ac96f42be836eaa642a81f) Importer(815301076,1909f56bfc062723c751e8b465ee728b)  -> (artifact id: 'dadc6b6b468d48638282747a0c2fd15b') in 0.030977 seconds 
========================================================================
Received Import Request.
  Time since last request: 16.731215 seconds.
  path: Assets/Prefabs/Trees/Africa/Marula.asset
  artifactKey: Guid(6af37e996b744e34b80a30838c1ee108) Importer(815301076,1909f56bfc062723c751e8b465ee728b)
Start importing Assets/Prefabs/Trees/Africa/Marula.asset using Guid(6af37e996b744e34b80a30838c1ee108) Importer(815301076,1909f56bfc062723c751e8b465ee728b)  -> (artifact id: '49f97b0b7cddfdce2f9a60fad1ceafd6') in 0.022391 seconds 
========================================================================
Received Import Request.
  Time since last request: 25.678341 seconds.
  path: Assets/Prefabs/Trees/Asia
  artifactKey: Guid(5924cc14a71c1514c9ae550a51d13a2d) Importer(815301076,1909f56bfc062723c751e8b465ee728b)
Start importing Assets/Prefabs/Trees/Asia using Guid(5924cc14a71c1514c9ae550a51d13a2d) Importer(815301076,1909f56bfc062723c751e8b465ee728b)  -> (artifact id: '2b6912767672644f343d06e7efd990f4') in 0.042049 seconds 
========================================================================
Received Import Request.
  Time since last request: 25.998691 seconds.
  path: Assets/Prefabs/Trees/Asia/Bambu.asset
  artifactKey: Guid(a851bc94416555044b35a4b7b7f80f7f) Importer(815301076,1909f56bfc062723c751e8b465ee728b)
Start importing Assets/Prefabs/Trees/Asia/Bambu.asset using Guid(a851bc94416555044b35a4b7b7f80f7f) Importer(815301076,1909f56bfc062723c751e8b465ee728b)  -> (artifact id: '3c4493d11f68dfeb7e225ad2c1824a86') in 0.020928 seconds 
========================================================================
Received Import Request.
  Time since last request: 13.626071 seconds.
  path: Assets/Prefabs/Trees/Asia/Pinheiro Vermelho Japonês.asset
  artifactKey: Guid(3e0fb2ac9a0f78c43a164d910f46a9f0) Importer(815301076,1909f56bfc062723c751e8b465ee728b)
Start importing Assets/Prefabs/Trees/Asia/Pinheiro Vermelho Japonês.asset using Guid(3e0fb2ac9a0f78c43a164d910f46a9f0) Importer(815301076,1909f56bfc062723c751e8b465ee728b)  -> (artifact id: '598e1ea5441918f9453ad29787264d2e') in 0.042498 seconds 
========================================================================
Received Import Request.
  Time since last request: 8.787180 seconds.
  path: Assets/Prefabs/Trees/Asia/Cipreste Calvo.asset
  artifactKey: Guid(8a0eed4868083914593e55cf95629008) Importer(815301076,1909f56bfc062723c751e8b465ee728b)
Start importing Assets/Prefabs/Trees/Asia/Cipreste Calvo.asset using Guid(8a0eed4868083914593e55cf95629008) Importer(815301076,1909f56bfc062723c751e8b465ee728b)  -> (artifact id: '1f1926604a393ce4b4b9fd6e588d7407') in 0.033043 seconds 
========================================================================
Received Import Request.
  Time since last request: 8.103962 seconds.
  path: Assets/Prefabs/Trees/Asia/Teixo.asset
  artifactKey: Guid(bd010c9c1f460ed4d916b505956c8b63) Importer(815301076,1909f56bfc062723c751e8b465ee728b)
Start importing Assets/Prefabs/Trees/Asia/Teixo.asset using Guid(bd010c9c1f460ed4d916b505956c8b63) Importer(815301076,1909f56bfc062723c751e8b465ee728b)  -> (artifact id: '12ede5460c10c0a3f6209e5075027d03') in 0.018031 seconds 
========================================================================
Received Import Request.
  Time since last request: 13.594656 seconds.
  path: Assets/Prefabs/Trees/Asia/Cerejeira.asset
  artifactKey: Guid(d8ffc400598b4d5429463bfa4145fdcf) Importer(815301076,1909f56bfc062723c751e8b465ee728b)
Start importing Assets/Prefabs/Trees/Asia/Cerejeira.asset using Guid(d8ffc400598b4d5429463bfa4145fdcf) Importer(815301076,1909f56bfc062723c751e8b465ee728b)  -> (artifact id: 'a9b20426d870ad54c57b9b983e8305ed') in 0.023353 seconds 
========================================================================
Received Import Request.
  Time since last request: 15.689279 seconds.
  path: Assets/Prefabs/Areas/Asia.asset
  artifactKey: Guid(8b8db5c9971a8d74599733f9cc13bc59) Importer(815301076,1909f56bfc062723c751e8b465ee728b)
Start importing Assets/Prefabs/Areas/Asia.asset using Guid(8b8db5c9971a8d74599733f9cc13bc59) Importer(815301076,1909f56bfc062723c751e8b465ee728b)  -> (artifact id: 'e0ca1a0cec918cb65adc38989964b770') in 0.009385 seconds 
========================================================================
Received Import Request.
  Time since last request: 26.216736 seconds.
  path: Assets/Prefabs/Trees/Oceania
  artifactKey: Guid(0b3c5ee381387854991854bf61eb3a4c) Importer(815301076,1909f56bfc062723c751e8b465ee728b)
Start importing Assets/Prefabs/Trees/Oceania using Guid(0b3c5ee381387854991854bf61eb3a4c) Importer(815301076,1909f56bfc062723c751e8b465ee728b)  -> (artifact id: '2d9cfe2e41d588b09d710d7e6cc8863a') in 0.017922 seconds 
========================================================================
Received Import Request.
  Time since last request: 9.865925 seconds.
  path: Assets/Prefabs/Trees/Oceania/Eucalipto.asset
  artifactKey: Guid(3ee02429e4618ca4fa2259a345a44fc7) Importer(815301076,1909f56bfc062723c751e8b465ee728b)
Start importing Assets/Prefabs/Trees/Oceania/Eucalipto.asset using Guid(3ee02429e4618ca4fa2259a345a44fc7) Importer(815301076,1909f56bfc062723c751e8b465ee728b)  -> (artifact id: '68f4c6a25faf6065f4bceb08fdef900d') in 0.018319 seconds 
========================================================================
Received Import Request.
  Time since last request: 8.076331 seconds.
  path: Assets/Prefabs/Trees/Oceania/Kauri.asset
  artifactKey: Guid(f1d7a8c7915fdad4891d476fe1bcb0ce) Importer(815301076,1909f56bfc062723c751e8b465ee728b)
Start importing Assets/Prefabs/Trees/Oceania/Kauri.asset using Guid(f1d7a8c7915fdad4891d476fe1bcb0ce) Importer(815301076,1909f56bfc062723c751e8b465ee728b)  -> (artifact id: '5289497982ceaa683a2f1b0028d03b6a') in 0.017966 seconds 
========================================================================
Received Import Request.
  Time since last request: 22.113138 seconds.
  path: Assets/Prefabs/Trees/Oceania/Árvore do Chá.asset
  artifactKey: Guid(b9948dc4f4c18fb4b8a7f34ef557e231) Importer(815301076,1909f56bfc062723c751e8b465ee728b)
Start importing Assets/Prefabs/Trees/Oceania/Árvore do Chá.asset using Guid(b9948dc4f4c18fb4b8a7f34ef557e231) Importer(815301076,1909f56bfc062723c751e8b465ee728b)  -> (artifact id: 'f6cf6fbd368c05011c9807418d1e5572') in 0.029743 seconds 
========================================================================
Received Import Request.
  Time since last request: 68.054835 seconds.
  path: Assets/Prefabs/Areas/Oceania.asset
  artifactKey: Guid(b3a5aed24936cf845b5c8aaca8f82c64) Importer(815301076,1909f56bfc062723c751e8b465ee728b)
Start importing Assets/Prefabs/Areas/Oceania.asset using Guid(b3a5aed24936cf845b5c8aaca8f82c64) Importer(815301076,1909f56bfc062723c751e8b465ee728b)  -> (artifact id: 'f4f6d4f18aa1a79976433c1f10a984c0') in 0.007680 seconds 
========================================================================
Received Prepare
Registering precompiled user dll's ...
Registered in 0.018681 seconds.
Begin MonoManager ReloadAssembly
Symbol file LoadedFromMemory doesn't match image C:\Users\Daniel Marto\Documents\Unity Projects\SMAUG\U.LumberJock\Library\PackageCache\com.unity.visualscripting@1.8.0\Editor\VisualScripting.Core\Dependencies\YamlDotNet\Unity.VisualScripting.YamlDotNet.dll
Symbol file LoadedFromMemory doesn't match image C:\Users\Daniel Marto\Documents\Unity Projects\SMAUG\U.LumberJock\Library\PackageCache\com.unity.visualscripting@1.8.0\Editor\VisualScripting.Core\Dependencies\DotNetZip\Unity.VisualScripting.IonicZip.dll
Symbol file LoadedFromMemory is not a mono symbol file
Native extension for WindowsStandalone target not found
Native extension for Android target not found
Refreshing native plugins compatible for Editor in 1.29 ms, found 4 plugins.
Preloading 0 native plugins for Editor in 0.00 ms.
Mono: successfully reloaded assembly
- Completed reload, in  6.618 seconds
Domain Reload Profiling:
	ReloadAssembly (6620ms)
		BeginReloadAssembly (1519ms)
			ExecutionOrderSort (0ms)
			DisableScriptedObjects (75ms)
			BackupInstance (0ms)
			ReleaseScriptingObjects (0ms)
			CreateAndSetChildDomain (356ms)
		EndReloadAssembly (4228ms)
			LoadAssemblies (1275ms)
			RebuildTransferFunctionScriptingTraits (0ms)
			SetupTypeCache (1379ms)
			ReleaseScriptCaches (5ms)
			RebuildScriptCaches (193ms)
			SetupLoadedEditorAssemblies (1834ms)
				LogAssemblyErrors (0ms)
				InitializePlatformSupportModulesInManaged (101ms)
				SetLoadedEditorAssemblies (1ms)
				RefreshPlugins (1ms)
				BeforeProcessingInitializeOnLoad (384ms)
				ProcessInitializeOnLoadAttributes (1233ms)
				ProcessInitializeOnLoadMethodAttributes (94ms)
				AfterProcessingInitializeOnLoad (19ms)
				EditorAssembliesLoaded (1ms)
			ExecutionOrderSort2 (0ms)
			AwakeInstancesAfterBackupRestoration (11ms)
Platform modules already initialized, skipping
Refreshing native plugins compatible for Editor in 7.32 ms, found 4 plugins.
Preloading 0 native plugins for Editor in 0.00 ms.
Unloading 4370 Unused Serialized files (Serialized files now loaded: 0)
Unloading 27 unused Assets / (25.7 KB). Loaded Objects now: 4866.
Memory consumption went from 163.8 MB to 163.8 MB.
Total: 8.829500 ms (FindLiveObjects: 0.491900 ms CreateObjectMapping: 0.631000 ms MarkObjects: 7.661100 ms  DeleteObjects: 0.043600 ms)

AssetImportParameters requested are different than current active one (requested -> active):
  custom:video-decoder-ogg-theora: a1e56fd34408186e4bbccfd4996cb3dc -> 
  custom:container-muxer-webm: aa71ff27fc2769a1b78a27578f13a17b -> 
  custom:container-demuxer-webm: 4f35f7cbe854078d1ac9338744f61a02 -> 
  custom:video-encoder-webm-vp8: eb34c28f22e8b96e1ab97ce403110664 -> 
  custom:audio-encoder-webm-vorbis: bf7c407c2cedff20999df2af8eb42d56 -> 
  custom:framework-win-MediaFoundation: 216162199b28c13a410421893ffa2e32 -> 
  custom:container-demuxer-ogg: 62fdf1f143b41e24485cea50d1cbac27 -> 
  custom:video-decoder-webm-vp8: 9c59270c3fd7afecdb556c50c9e8de78 -> 
  custom:audio-decoder-ogg-vorbis: bf7c407c2cedff20999df2af8eb42d56 -> 
========================================================================
Received Prepare
Registering precompiled user dll's ...
Registered in 0.039028 seconds.
Begin MonoManager ReloadAssembly
Symbol file LoadedFromMemory doesn't match image C:\Users\Daniel Marto\Documents\Unity Projects\SMAUG\U.LumberJock\Library\PackageCache\com.unity.visualscripting@1.8.0\Editor\VisualScripting.Core\Dependencies\YamlDotNet\Unity.VisualScripting.YamlDotNet.dll
Symbol file LoadedFromMemory doesn't match image C:\Users\Daniel Marto\Documents\Unity Projects\SMAUG\U.LumberJock\Library\PackageCache\com.unity.visualscripting@1.8.0\Editor\VisualScripting.Core\Dependencies\DotNetZip\Unity.VisualScripting.IonicZip.dll
Symbol file LoadedFromMemory is not a mono symbol file
Native extension for WindowsStandalone target not found
Native extension for Android target not found
Refreshing native plugins compatible for Editor in 3.86 ms, found 4 plugins.
Preloading 0 native plugins for Editor in 0.00 ms.
Mono: successfully reloaded assembly
- Completed reload, in 15.019 seconds
Domain Reload Profiling:
	ReloadAssembly (15023ms)
		BeginReloadAssembly (2351ms)
			ExecutionOrderSort (0ms)
			DisableScriptedObjects (91ms)
			BackupInstance (0ms)
			ReleaseScriptingObjects (1ms)
			CreateAndSetChildDomain (438ms)
		EndReloadAssembly (11803ms)
			LoadAssemblies (2055ms)
			RebuildTransferFunctionScriptingTraits (0ms)
			SetupTypeCache (2414ms)
			ReleaseScriptCaches (6ms)
			RebuildScriptCaches (879ms)
			SetupLoadedEditorAssemblies (6752ms)
				LogAssemblyErrors (0ms)
				InitializePlatformSupportModulesInManaged (317ms)
				SetLoadedEditorAssemblies (9ms)
				RefreshPlugins (4ms)
				BeforeProcessingInitializeOnLoad (1149ms)
				ProcessInitializeOnLoadAttributes (5103ms)
				ProcessInitializeOnLoadMethodAttributes (147ms)
				AfterProcessingInitializeOnLoad (23ms)
				EditorAssembliesLoaded (1ms)
			ExecutionOrderSort2 (0ms)
			AwakeInstancesAfterBackupRestoration (15ms)
Platform modules already initialized, skipping
Refreshing native plugins compatible for Editor in 10.64 ms, found 4 plugins.
Preloading 0 native plugins for Editor in 0.00 ms.
Unloading 4370 Unused Serialized files (Serialized files now loaded: 0)
Unloading 27 unused Assets / (24.7 KB). Loaded Objects now: 4869.
Memory consumption went from 163.8 MB to 163.8 MB.
Total: 6.644700 ms (FindLiveObjects: 0.456200 ms CreateObjectMapping: 0.541400 ms MarkObjects: 5.606300 ms  DeleteObjects: 0.039300 ms)

AssetImportParameters requested are different than current active one (requested -> active):
  custom:video-decoder-ogg-theora: a1e56fd34408186e4bbccfd4996cb3dc -> 
  custom:container-muxer-webm: aa71ff27fc2769a1b78a27578f13a17b -> 
  custom:container-demuxer-webm: 4f35f7cbe854078d1ac9338744f61a02 -> 
  custom:video-encoder-webm-vp8: eb34c28f22e8b96e1ab97ce403110664 -> 
  custom:audio-encoder-webm-vorbis: bf7c407c2cedff20999df2af8eb42d56 -> 
  custom:framework-win-MediaFoundation: 216162199b28c13a410421893ffa2e32 -> 
  custom:container-demuxer-ogg: 62fdf1f143b41e24485cea50d1cbac27 -> 
  custom:video-decoder-webm-vp8: 9c59270c3fd7afecdb556c50c9e8de78 -> 
  custom:audio-decoder-ogg-vorbis: bf7c407c2cedff20999df2af8eb42d56 -> 
========================================================================
Received Import Request.
  Time since last request: 1673.669150 seconds.
  path: Assets/Prefabs/Trees/Europa/Faia.asset
  artifactKey: Guid(256d183118ff3484495081be866ace81) Importer(815301076,1909f56bfc062723c751e8b465ee728b)
Start importing Assets/Prefabs/Trees/Europa/Faia.asset using Guid(256d183118ff3484495081be866ace81) Importer(815301076,1909f56bfc062723c751e8b465ee728b)  -> (artifact id: 'fface3cad95e8092290e86c1f3e042b9') in 0.161331 seconds 
